<?xml version="1.0" encoding="UTF-8"?>
<robot generator="Robot 5.0 (Python 3.10.1 on win32)" generated="20230615 14:51:30.011" rpa="false" schemaversion="3">
<suite id="s1" name="LaunchBrowser" source="C:\Ranjith\Learnings\Projects\RobotProject\TestScenarios\LaunchBrowser.robot">
<test id="s1-t1" name="Launch Application" line="13">
<kw name="Open Chrome with Options" library="BaseKeywords">
<doc>Open chrome browser with the options and initiazlise the browser</doc>
<kw name="Set Variable" library="BuiltIn">
<var>${CHROMEDRIVER}</var>
<arg>${Browser_Path}</arg>
<doc>Returns the given values which can then be assigned to a variables.</doc>
<msg timestamp="20230615 14:51:30.409" level="INFO">${CHROMEDRIVER} = C:\Ranjith\Learnings\Projects\RobotProject\PageObjects/../Resources/Drivers/chromedriver.exe</msg>
<status status="PASS" starttime="20230615 14:51:30.408" endtime="20230615 14:51:30.409"/>
</kw>
<kw name="Set Environment Variable" library="robot.libraries.OperatingSystem">
<arg>webdriver.chrome.driver</arg>
<arg>${CHROMEDRIVER}</arg>
<doc>Sets an environment variable to a specified value.</doc>
<msg timestamp="20230615 14:51:30.409" level="INFO">Environment variable 'webdriver.chrome.driver' set to value 'C:\Ranjith\Learnings\Projects\RobotProject\PageObjects/../Resources/Drivers/chromedriver.exe'.</msg>
<status status="PASS" starttime="20230615 14:51:30.409" endtime="20230615 14:51:30.409"/>
</kw>
<kw name="Evaluate" library="BuiltIn">
<var>${options}</var>
<arg>sys.modules['selenium.webdriver'].ChromeOptions()</arg>
<arg>sys, selenium.webdriver</arg>
<doc>Evaluates the given expression in Python and returns the result.</doc>
<msg timestamp="20230615 14:51:30.409" level="INFO">${options} = &lt;selenium.webdriver.chrome.options.Options object at 0x0000020246377F40&gt;</msg>
<status status="PASS" starttime="20230615 14:51:30.409" endtime="20230615 14:51:30.410"/>
</kw>
<kw name="Call Method" library="BuiltIn">
<arg>${options}</arg>
<arg>add_experimental_option</arg>
<arg>useAutomationExtension</arg>
<arg>${FALSE}</arg>
<doc>Calls the named method of the given object with the provided arguments.</doc>
<status status="PASS" starttime="20230615 14:51:30.410" endtime="20230615 14:51:30.410"/>
</kw>
<kw name="Call Method" library="BuiltIn">
<arg>${options}</arg>
<arg>add_argument</arg>
<arg>start-maximized</arg>
<doc>Calls the named method of the given object with the provided arguments.</doc>
<status status="PASS" starttime="20230615 14:51:30.410" endtime="20230615 14:51:30.410"/>
</kw>
<kw name="Call Method" library="BuiltIn">
<arg>${options}</arg>
<arg>add_argument</arg>
<arg>acceptInsecureCerts</arg>
<doc>Calls the named method of the given object with the provided arguments.</doc>
<status status="PASS" starttime="20230615 14:51:30.410" endtime="20230615 14:51:30.411"/>
</kw>
<kw name="Call Method" library="BuiltIn">
<arg>${options}</arg>
<arg>add_argument</arg>
<arg>ignore-ssl-errors</arg>
<doc>Calls the named method of the given object with the provided arguments.</doc>
<status status="PASS" starttime="20230615 14:51:30.411" endtime="20230615 14:51:30.411"/>
</kw>
<kw name="Call Method" library="BuiltIn">
<arg>${options}</arg>
<arg>add_argument</arg>
<arg>ignore-certificate-errors</arg>
<doc>Calls the named method of the given object with the provided arguments.</doc>
<status status="PASS" starttime="20230615 14:51:30.411" endtime="20230615 14:51:30.411"/>
</kw>
<kw name="Call Method" library="BuiltIn">
<arg>${options}</arg>
<arg>add_argument</arg>
<arg>disable-infobars</arg>
<doc>Calls the named method of the given object with the provided arguments.</doc>
<status status="PASS" starttime="20230615 14:51:30.411" endtime="20230615 14:51:30.412"/>
</kw>
<kw name="Call Method" library="BuiltIn">
<arg>${options}</arg>
<arg>add_argument</arg>
<arg>disable-extensions</arg>
<doc>Calls the named method of the given object with the provided arguments.</doc>
<status status="PASS" starttime="20230615 14:51:30.412" endtime="20230615 14:51:30.412"/>
</kw>
<kw name="Call Method" library="BuiltIn">
<arg>${options}</arg>
<arg>add_argument</arg>
<arg>disable-default-apps</arg>
<doc>Calls the named method of the given object with the provided arguments.</doc>
<status status="PASS" starttime="20230615 14:51:30.412" endtime="20230615 14:51:30.412"/>
</kw>
<kw name="Create Webdriver" library="SelLib2">
<arg>Chrome</arg>
<arg>executable_path=${CHROMEDRIVER}</arg>
<doc>Creates an instance of Selenium WebDriver.</doc>
<msg timestamp="20230615 14:51:30.413" level="INFO">Creating an instance of the Chrome WebDriver.</msg>
<status status="PASS" starttime="20230615 14:51:30.412" endtime="20230615 14:51:34.289"/>
</kw>
<kw name="Maximize Browser Window" library="SelLib2">
<doc>Maximizes current browser window.</doc>
<status status="PASS" starttime="20230615 14:51:34.290" endtime="20230615 14:51:34.418"/>
</kw>
<status status="PASS" starttime="20230615 14:51:30.408" endtime="20230615 14:51:34.419"/>
</kw>
<kw name="Get Webdriver Instance" library="CommonFunctions">
<var>${webdriver}</var>
<msg timestamp="20230615 14:51:34.420" level="FAIL">AttributeError: 'CommonFunctions' object has no attribute '_current_browser'</msg>
<status status="FAIL" starttime="20230615 14:51:34.419" endtime="20230615 14:51:34.421"/>
</kw>
<kw name="Log" library="BuiltIn">
<arg>webdriver: ${webdriver}</arg>
<doc>Logs the given message with the given level.</doc>
<status status="NOT RUN" starttime="20230615 14:51:34.422" endtime="20230615 14:51:34.422"/>
</kw>
<kw name="Clean Up" library="BaseKeywords" type="TEARDOWN">
<kw name="Close Browser" library="SelLib2">
<doc>Closes the current browser.</doc>
<status status="PASS" starttime="20230615 14:51:34.424" endtime="20230615 14:51:36.773"/>
</kw>
<status status="PASS" starttime="20230615 14:51:34.423" endtime="20230615 14:51:36.774"/>
</kw>
<tag>Web</tag>
<status status="FAIL" starttime="20230615 14:51:30.407" endtime="20230615 14:51:36.775">AttributeError: 'CommonFunctions' object has no attribute '_current_browser'</status>
</test>
<doc>Suite description</doc>
<status status="FAIL" starttime="20230615 14:51:30.017" endtime="20230615 14:51:36.782"/>
</suite>
<statistics>
<total>
<stat pass="0" fail="1" skip="0">All Tests</stat>
</total>
<tag>
<stat pass="0" fail="1" skip="0">Web</stat>
</tag>
<suite>
<stat pass="0" fail="1" skip="0" id="s1" name="LaunchBrowser">LaunchBrowser</stat>
</suite>
</statistics>
<errors>
<msg timestamp="20230615 14:51:30.393" level="ERROR">Error in file 'C:\Ranjith\Learnings\Projects\RobotProject\InitializeLibraries.robot' on line 10: Importing library 'RequestsLibrary' failed: ModuleNotFoundError: No module named 'RequestsLibrary'
Traceback (most recent call last):
  None
PYTHONPATH:
  C:\Users\sranjith\AppData\Local\Programs\Python\Python310\Scripts\robot.exe
  C:\Users\sranjith\AppData\Local\Programs\Python\Python310\python310.zip
  C:\Users\sranjith\AppData\Local\Programs\Python\Python310\DLLs
  C:\Users\sranjith\AppData\Local\Programs\Python\Python310\lib
  C:\Users\sranjith\AppData\Local\Programs\Python\Python310
  C:\Users\sranjith\AppData\Local\Programs\Python\Python310\lib\site-packages</msg>
</errors>
</robot>
