<?xml version="1.0" encoding="UTF-8"?>
<robot generator="Robot 7.0 (Python 3.12.2 on win32)" generated="2024-05-30T23:14:47.975763" rpa="false" schemaversion="5">
<suite id="s1" name="TestCase01" source="C:\Ranjith\Learnings\Projects\RobotProject\TestScenarios\TestCase01.robot">
<test id="s1-t1" name="Load the Tools QA Site" line="15">
<kw name="Navigate to the URL" owner="DemoQaActionsPage">
<kw name="Create Webdriver">
<msg time="2024-05-30T23:14:49.739951" level="FAIL">No keyword with name 'Create Webdriver' found.</msg>
<arg>Chrome</arg>
<status status="FAIL" start="2024-05-30T23:14:49.739951" elapsed="0.000000">No keyword with name 'Create Webdriver' found.</status>
</kw>
<kw name="Maximize Browser Window">
<status status="NOT RUN" start="2024-05-30T23:14:49.742954" elapsed="0.000000"/>
</kw>
<kw name="Go To">
<arg>${DEMOQA_URL}</arg>
<status status="NOT RUN" start="2024-05-30T23:14:49.744535" elapsed="0.000000"/>
</kw>
<status status="FAIL" start="2024-05-30T23:14:49.737005" elapsed="0.007530">No keyword with name 'Create Webdriver' found.</status>
</kw>
<kw name="close browser" type="TEARDOWN">
<msg time="2024-05-30T23:14:49.751197" level="FAIL">No keyword with name 'close browser' found.</msg>
<status status="FAIL" start="2024-05-30T23:14:49.750049" elapsed="0.001148">No keyword with name 'close browser' found.</status>
</kw>
<status status="FAIL" start="2024-05-30T23:14:49.734704" elapsed="0.016493">No keyword with name 'Create Webdriver' found.

Also teardown failed:
No keyword with name 'close browser' found.</status>
</test>
<test id="s1-t2" name="Fetch the Data from Input Files" line="18">
<kw name="Get the DataFrame Contents" owner="DemoQaActionsPage">
<kw name="Get Data Frame" owner="CommonLibraries">
<msg time="2024-05-30T23:14:49.757339" level="INFO">C:\Ranjith\Learnings\Projects\RobotProject\TestScenarios/../Resources/DemoQAFormData.xlsx</msg>
<msg time="2024-05-30T23:14:49.771371" level="FAIL">ImportError: Missing optional dependency 'openpyxl'.  Use pip or conda to install openpyxl.</msg>
<var>${file_content}</var>
<arg>${file_path}</arg>
<status status="FAIL" start="2024-05-30T23:14:49.756967" elapsed="0.020716">ImportError: Missing optional dependency 'openpyxl'.  Use pip or conda to install openpyxl.</status>
</kw>
<kw name="Log" owner="BuiltIn">
<arg>${file_content}</arg>
<arg>console=${True}</arg>
<doc>Logs the given message with the given level.</doc>
<status status="NOT RUN" start="2024-05-30T23:14:49.778990" elapsed="0.000297"/>
</kw>
<kw name="Log" owner="BuiltIn">
<arg>${file_content['FIRST_NAME']}</arg>
<arg>console=${True}</arg>
<doc>Logs the given message with the given level.</doc>
<status status="NOT RUN" start="2024-05-30T23:14:49.779685" elapsed="0.000000"/>
</kw>
<kw name="Get Column values from Data frames" owner="CommonLibraries">
<var>${headers}</var>
<arg>${file_content}</arg>
<status status="NOT RUN" start="2024-05-30T23:14:49.779685" elapsed="0.000000"/>
</kw>
<kw name="Log" owner="BuiltIn">
<arg>${headers}</arg>
<arg>console=${True}</arg>
<doc>Logs the given message with the given level.</doc>
<status status="NOT RUN" start="2024-05-30T23:14:49.780582" elapsed="0.000105"/>
</kw>
<kw name="Get Row Count in Data Frames" owner="CommonLibraries">
<var>${row_count}</var>
<arg>${file_content}</arg>
<status status="NOT RUN" start="2024-05-30T23:14:49.780687" elapsed="0.000000"/>
</kw>
<kw name="Log" owner="BuiltIn">
<arg>${row_count}</arg>
<arg>console=${True}</arg>
<doc>Logs the given message with the given level.</doc>
<status status="NOT RUN" start="2024-05-30T23:14:49.780687" elapsed="0.000000"/>
</kw>
<arg>${file_path}</arg>
<status status="FAIL" start="2024-05-30T23:14:49.756339" elapsed="0.024348">ImportError: Missing optional dependency 'openpyxl'.  Use pip or conda to install openpyxl.</status>
</kw>
<kw name="close browser" type="TEARDOWN">
<msg time="2024-05-30T23:14:49.786721" level="FAIL">No keyword with name 'close browser' found.</msg>
<status status="FAIL" start="2024-05-30T23:14:49.786721" elapsed="0.000000">No keyword with name 'close browser' found.</status>
</kw>
<status status="FAIL" start="2024-05-30T23:14:49.754076" elapsed="0.032645">ImportError: Missing optional dependency 'openpyxl'.  Use pip or conda to install openpyxl.

Also teardown failed:
No keyword with name 'close browser' found.</status>
</test>
<test id="s1-t3" name="Enter details in the Tools QA Form" line="21">
<kw name="Navigate to the URL" owner="DemoQaActionsPage">
<kw name="Create Webdriver">
<msg time="2024-05-30T23:14:49.790683" level="FAIL">No keyword with name 'Create Webdriver' found.</msg>
<arg>Chrome</arg>
<status status="FAIL" start="2024-05-30T23:14:49.790683" elapsed="0.000000">No keyword with name 'Create Webdriver' found.</status>
</kw>
<kw name="Maximize Browser Window">
<status status="NOT RUN" start="2024-05-30T23:14:49.792683" elapsed="0.000000"/>
</kw>
<kw name="Go To">
<arg>${DEMOQA_URL}</arg>
<status status="NOT RUN" start="2024-05-30T23:14:49.793682" elapsed="0.000000"/>
</kw>
<status status="FAIL" start="2024-05-30T23:14:49.787735" elapsed="0.005947">No keyword with name 'Create Webdriver' found.</status>
</kw>
<kw name="Fill the Student Registration Form" owner="CommonLibraries">
<arg>${file_path}</arg>
<status status="NOT RUN" start="2024-05-30T23:14:49.793682" elapsed="0.000000"/>
</kw>
<kw name="close browser" type="TEARDOWN">
<msg time="2024-05-30T23:14:49.798235" level="FAIL">No keyword with name 'close browser' found.</msg>
<status status="FAIL" start="2024-05-30T23:14:49.797234" elapsed="0.002015">No keyword with name 'close browser' found.</status>
</kw>
<status status="FAIL" start="2024-05-30T23:14:49.787735" elapsed="0.011514">No keyword with name 'Create Webdriver' found.

Also teardown failed:
No keyword with name 'close browser' found.</status>
</test>
<test id="s1-t4" name="Book Actions in Libraries" line="25">
<kw name="Add Book into Library DB" owner="API_Page">
<kw name="Get Payload To Add Book Details" owner="API_Page">
<kw name="Create Dictionary" owner="BuiltIn">
<msg time="2024-05-30T23:14:49.805230" level="INFO">&amp;{request_body} = { name=Robotframework | isbn=ADCC09 | aisle=456 | author=Ranjith }</msg>
<var>&amp;{request_body}</var>
<arg>name=Robotframework</arg>
<arg>isbn=ADCC09</arg>
<arg>aisle=456</arg>
<arg>author=Ranjith</arg>
<doc>Creates and returns a dictionary based on the given ``items``.</doc>
<status status="PASS" start="2024-05-30T23:14:49.804232" elapsed="0.000998"/>
</kw>
<return>
<value>${request_body}</value>
<status status="PASS" start="2024-05-30T23:14:49.805230" elapsed="0.000000"/>
</return>
<msg time="2024-05-30T23:14:49.806298" level="INFO">${request_body} = {'name': 'Robotframework', 'isbn': 'ADCC09', 'aisle': '456', 'author': 'Ranjith'}</msg>
<var>${request_body}</var>
<status status="PASS" start="2024-05-30T23:14:49.803232" elapsed="0.003066"/>
</kw>
<kw name="POST">
<msg time="2024-05-30T23:14:49.808308" level="FAIL">No keyword with name 'POST' found.</msg>
<var>${response}</var>
<arg>${base_url}${add_book}</arg>
<arg>json=${request_body}</arg>
<arg>expected_status=200</arg>
<status status="FAIL" start="2024-05-30T23:14:49.808308" elapsed="0.000000">No keyword with name 'POST' found.</status>
</kw>
<if>
<branch type="IF" condition="&quot;${response.json()}[Msg]&quot;==&quot;Book Already Exists&quot;">
<kw name="Log" owner="BuiltIn">
<arg>Post response Message: ${response.json()}[Msg] for the ID ${response.json()}[ID]</arg>
<arg>ERROR</arg>
<arg>console=${True}</arg>
<doc>Logs the given message with the given level.</doc>
<status status="NOT RUN" start="2024-05-30T23:14:49.809307" elapsed="0.000039"/>
</kw>
<status status="NOT RUN" start="2024-05-30T23:14:49.808308" elapsed="0.001038"/>
</branch>
<branch type="ELSE">
<kw name="Log" owner="BuiltIn">
<arg>Post response Message: Successfully added the record with the message: ${response.json()}[Msg] and the ID: ${response.json()}[ID]</arg>
<arg>console=${True}</arg>
<doc>Logs the given message with the given level.</doc>
<status status="NOT RUN" start="2024-05-30T23:14:49.809346" elapsed="0.000000"/>
</kw>
<status status="NOT RUN" start="2024-05-30T23:14:49.809346" elapsed="0.000493"/>
</branch>
<status status="NOT RUN" start="2024-05-30T23:14:49.808308" elapsed="0.001531"/>
</if>
<kw name="Set Global Variable" owner="BuiltIn">
<arg>${book_id_value}</arg>
<arg>${response.json()}[ID]</arg>
<doc>Makes a variable available globally in all tests and suites.</doc>
<status status="NOT RUN" start="2024-05-30T23:14:49.809839" elapsed="0.000000"/>
</kw>
<tag>API</tag>
<status status="FAIL" start="2024-05-30T23:14:49.803232" elapsed="0.007074">No keyword with name 'POST' found.</status>
</kw>
<kw name="Get Book Details By ID" owner="API_Page">
<tag>API</tag>
<status status="NOT RUN" start="2024-05-30T23:14:49.810306" elapsed="0.000000"/>
</kw>
<kw name="Delete the Book Details" owner="API_Page">
<tag>API</tag>
<status status="NOT RUN" start="2024-05-30T23:14:49.810306" elapsed="0.000000"/>
</kw>
<kw name="close browser" type="TEARDOWN">
<msg time="2024-05-30T23:14:49.814313" level="FAIL">No keyword with name 'close browser' found.</msg>
<status status="FAIL" start="2024-05-30T23:14:49.814313" elapsed="0.000000">No keyword with name 'close browser' found.</status>
</kw>
<status status="FAIL" start="2024-05-30T23:14:49.802250" elapsed="0.012063">No keyword with name 'POST' found.

Also teardown failed:
No keyword with name 'close browser' found.</status>
</test>
<doc>To proatice the selenium with the form in the URL "https://demoqa.com/automation-practice-form"</doc>
<status status="FAIL" start="2024-05-30T23:14:48.003967" elapsed="1.812537"/>
</suite>
<statistics>
<total>
<stat pass="0" fail="4" skip="0">All Tests</stat>
</total>
<tag>
</tag>
<suite>
<stat pass="0" fail="4" skip="0" id="s1" name="TestCase01">TestCase01</stat>
</suite>
</statistics>
<errors>
<msg time="2024-05-30T23:14:48.079481" level="ERROR">Error in file 'C:\Ranjith\Learnings\Projects\RobotProject\Initialize.robot' on line 5: Importing library 'Selenium2Library' failed: ModuleNotFoundError: No module named 'Selenium2Library'
Traceback (most recent call last):
  None
PYTHONPATH:
  C:\Ranjith\Learnings\Projects\RobotProject
  C:\Python\python312.zip
  C:\Python\DLLs
  C:\Python\Lib
  C:\Python
  C:\Python\Lib\site-packages</msg>
<msg time="2024-05-30T23:14:48.090416" level="ERROR">Error in file 'C:\Ranjith\Learnings\Projects\RobotProject\Initialize.robot' on line 6: Importing library 'RequestsLibrary' failed: ModuleNotFoundError: No module named 'RequestsLibrary'
Traceback (most recent call last):
  None
PYTHONPATH:
  C:\Ranjith\Learnings\Projects\RobotProject
  C:\Python\python312.zip
  C:\Python\DLLs
  C:\Python\Lib
  C:\Python
  C:\Python\Lib\site-packages</msg>
</errors>
</robot>
